<?xml version="1.0" encoding="UTF-8"?>
<!-- Generated by org.testng.reporters.JUnitReportReporter -->
<testsuite hostname="prashant-jadon" failures="0" tests="1" name="org.example.LoginAPIAutomaTest" time="27.042" errors="0" timestamp="2022-02-28T13:55:48 IST" skipped="0">
  <testcase classname="org.example.LoginAPIAutomaTest" name="cnCreation" time="27.042"/>
</testsuite> <!-- org.example.LoginAPIAutomaTest -->
